{"name": "test_guest_cant_see_success_message_after_adding_product_to_basket", "status": "skipped", "statusDetails": {"message": "XFAIL negative test\n\nselenium.common.exceptions.UnexpectedAlertPresentException: Alert Text: x = 100 \nЧему равно log10(abs(12*sin(x)))?\nРешите задачу за 3 сек, чтобы получить скидку.\nПри успешном решении вы найдете проверочный код в консоли браузера.\nMessage: unexpected alert open: {Alert text : x = 100 \nЧему равно log10(abs(12*sin(x)))?\nРешите задачу за 3 сек, чтобы получить скидку.\nПри успешном решении вы найдете проверочный код в консоли браузера.}\n  (Session info: chrome=89.0.4389.90)", "trace": "self = <module_5.test_product_page.TestProductPage object at 0x03D3DE08>, browser = <selenium.webdriver.chrome.webdriver.WebDriver (session=\"9f204c84057562e6f355a85dadfc9a3b\")>\n\n    @pytest.mark.xfail(reason=\"negative test\")\n    def test_guest_cant_see_success_message_after_adding_product_to_basket(self,browser):\n        # Data\n        link = \"http://selenium1py.pythonanywhere.com/catalogue/the-shellcoders-handbook_209/?promo=newYear\"\n    \n        # Arrange\n        page = ProductPage(browser, link)\n        page.open()\n    \n        # Act\n        page.add_to_basket()\n    \n        # Assert\n>       page.should_not_be_success_message()\n\nmodule_5\\test_product_page.py:52: \n_ _ _ _ _ _ _ _ _ _ _ _ _ _ _ _ _ _ _ _ _ _ _ _ _ _ _ _ _ _ _ _ _ _ _ _ _ _ _ _ _ _ _ _ _ _ _ _ _ _ _ _ _ _ _ _ _ _ _ _ _ _ _ _ _ _ _ _ _ _ _ _ _ _ _ _ _ _ _ _ _ _ _ _ _ _ _ _ _ _ _ _ _ _ \nmodule_5\\pages\\product_page.py:18: in should_not_be_success_message\n    assert self.is_not_element_present(*ProductPageLocators.ADD_TO_BASKET_MSG), \\\nmodule_5\\pages\\base_page.py:40: in is_not_element_present\n    WebDriverWait(self.browser, timeout).until(EC.presence_of_element_located((how, what)))\nenvironments\\selenium_env\\lib\\site-packages\\selenium\\webdriver\\support\\wait.py:71: in until\n    value = method(self._driver)\nenvironments\\selenium_env\\lib\\site-packages\\selenium\\webdriver\\support\\expected_conditions.py:64: in __call__\n    return _find_element(driver, self.locator)\nenvironments\\selenium_env\\lib\\site-packages\\selenium\\webdriver\\support\\expected_conditions.py:415: in _find_element\n    raise e\nenvironments\\selenium_env\\lib\\site-packages\\selenium\\webdriver\\support\\expected_conditions.py:411: in _find_element\n    return driver.find_element(*by)\nenvironments\\selenium_env\\lib\\site-packages\\selenium\\webdriver\\remote\\webdriver.py:976: in find_element\n    return self.execute(Command.FIND_ELEMENT, {\nenvironments\\selenium_env\\lib\\site-packages\\selenium\\webdriver\\remote\\webdriver.py:321: in execute\n    self.error_handler.check_response(response)\n_ _ _ _ _ _ _ _ _ _ _ _ _ _ _ _ _ _ _ _ _ _ _ _ _ _ _ _ _ _ _ _ _ _ _ _ _ _ _ _ _ _ _ _ _ _ _ _ _ _ _ _ _ _ _ _ _ _ _ _ _ _ _ _ _ _ _ _ _ _ _ _ _ _ _ _ _ _ _ _ _ _ _ _ _ _ _ _ _ _ _ _ _ _ \n\nself = <selenium.webdriver.remote.errorhandler.ErrorHandler object at 0x03D05C88>\nresponse = {'status': 500, 'value': '{\"value\":{\"data\":{\"text\":\"x = 100 \\\\nЧему равно log10(abs(12*sin(x)))?\\\\nРешите задачу за 3 ...\\n\\\\tRtlGetAppContainerNamedObjectPath [0x77658964+228]\\\\n\\\\tRtlGetAppContainerNamedObjectPath [0x77658934+180]\\\\n\"}}'}\n\n    def check_response(self, response):\n        \"\"\"\n        Checks that a JSON response from the WebDriver does not have an error.\n    \n        :Args:\n         - response - The JSON response from the WebDriver server as a dictionary\n           object.\n    \n        :Raises: If the response contains an error message.\n        \"\"\"\n        status = response.get('status', None)\n        if status is None or status == ErrorCode.SUCCESS:\n            return\n        value = None\n        message = response.get(\"message\", \"\")\n        screen = response.get(\"screen\", \"\")\n        stacktrace = None\n        if isinstance(status, int):\n            value_json = response.get('value', None)\n            if value_json and isinstance(value_json, basestring):\n                import json\n                try:\n                    value = json.loads(value_json)\n                    if len(value.keys()) == 1:\n                        value = value['value']\n                    status = value.get('error', None)\n                    if status is None:\n                        status = value[\"status\"]\n                        message = value[\"value\"]\n                        if not isinstance(message, basestring):\n                            value = message\n                            message = message.get('message')\n                    else:\n                        message = value.get('message', None)\n                except ValueError:\n                    pass\n    \n        exception_class = ErrorInResponseException\n        if status in ErrorCode.NO_SUCH_ELEMENT:\n            exception_class = NoSuchElementException\n        elif status in ErrorCode.NO_SUCH_FRAME:\n            exception_class = NoSuchFrameException\n        elif status in ErrorCode.NO_SUCH_WINDOW:\n            exception_class = NoSuchWindowException\n        elif status in ErrorCode.STALE_ELEMENT_REFERENCE:\n            exception_class = StaleElementReferenceException\n        elif status in ErrorCode.ELEMENT_NOT_VISIBLE:\n            exception_class = ElementNotVisibleException\n        elif status in ErrorCode.INVALID_ELEMENT_STATE:\n            exception_class = InvalidElementStateException\n        elif status in ErrorCode.INVALID_SELECTOR \\\n                or status in ErrorCode.INVALID_XPATH_SELECTOR \\\n                or status in ErrorCode.INVALID_XPATH_SELECTOR_RETURN_TYPER:\n            exception_class = InvalidSelectorException\n        elif status in ErrorCode.ELEMENT_IS_NOT_SELECTABLE:\n            exception_class = ElementNotSelectableException\n        elif status in ErrorCode.ELEMENT_NOT_INTERACTABLE:\n            exception_class = ElementNotInteractableException\n        elif status in ErrorCode.INVALID_COOKIE_DOMAIN:\n            exception_class = InvalidCookieDomainException\n        elif status in ErrorCode.UNABLE_TO_SET_COOKIE:\n            exception_class = UnableToSetCookieException\n        elif status in ErrorCode.TIMEOUT:\n            exception_class = TimeoutException\n        elif status in ErrorCode.SCRIPT_TIMEOUT:\n            exception_class = TimeoutException\n        elif status in ErrorCode.UNKNOWN_ERROR:\n            exception_class = WebDriverException\n        elif status in ErrorCode.UNEXPECTED_ALERT_OPEN:\n            exception_class = UnexpectedAlertPresentException\n        elif status in ErrorCode.NO_ALERT_OPEN:\n            exception_class = NoAlertPresentException\n        elif status in ErrorCode.IME_NOT_AVAILABLE:\n            exception_class = ImeNotAvailableException\n        elif status in ErrorCode.IME_ENGINE_ACTIVATION_FAILED:\n            exception_class = ImeActivationFailedException\n        elif status in ErrorCode.MOVE_TARGET_OUT_OF_BOUNDS:\n            exception_class = MoveTargetOutOfBoundsException\n        elif status in ErrorCode.JAVASCRIPT_ERROR:\n            exception_class = JavascriptException\n        elif status in ErrorCode.SESSION_NOT_CREATED:\n            exception_class = SessionNotCreatedException\n        elif status in ErrorCode.INVALID_ARGUMENT:\n            exception_class = InvalidArgumentException\n        elif status in ErrorCode.NO_SUCH_COOKIE:\n            exception_class = NoSuchCookieException\n        elif status in ErrorCode.UNABLE_TO_CAPTURE_SCREEN:\n            exception_class = ScreenshotException\n        elif status in ErrorCode.ELEMENT_CLICK_INTERCEPTED:\n            exception_class = ElementClickInterceptedException\n        elif status in ErrorCode.INSECURE_CERTIFICATE:\n            exception_class = InsecureCertificateException\n        elif status in ErrorCode.INVALID_COORDINATES:\n            exception_class = InvalidCoordinatesException\n        elif status in ErrorCode.INVALID_SESSION_ID:\n            exception_class = InvalidSessionIdException\n        elif status in ErrorCode.UNKNOWN_METHOD:\n            exception_class = UnknownMethodException\n        else:\n            exception_class = WebDriverException\n        if value == '' or value is None:\n            value = response['value']\n        if isinstance(value, basestring):\n            if exception_class == ErrorInResponseException:\n                raise exception_class(response, value)\n            raise exception_class(value)\n        if message == \"\" and 'message' in value:\n            message = value['message']\n    \n        screen = None\n        if 'screen' in value:\n            screen = value['screen']\n    \n        stacktrace = None\n        if 'stackTrace' in value and value['stackTrace']:\n            stacktrace = []\n            try:\n                for frame in value['stackTrace']:\n                    line = self._value_or_default(frame, 'lineNumber', '')\n                    file = self._value_or_default(frame, 'fileName', '<anonymous>')\n                    if line:\n                        file = \"%s:%s\" % (file, line)\n                    meth = self._value_or_default(frame, 'methodName', '<anonymous>')\n                    if 'className' in frame:\n                        meth = \"%s.%s\" % (frame['className'], meth)\n                    msg = \"    at %s (%s)\"\n                    msg = msg % (meth, file)\n                    stacktrace.append(msg)\n            except TypeError:\n                pass\n        if exception_class == ErrorInResponseException:\n            raise exception_class(response, message)\n        elif exception_class == UnexpectedAlertPresentException:\n            alert_text = None\n            if 'data' in value:\n                alert_text = value['data'].get('text')\n            elif 'alert' in value:\n                alert_text = value['alert'].get('text')\n>           raise exception_class(message, screen, stacktrace, alert_text)\nE           selenium.common.exceptions.UnexpectedAlertPresentException: Alert Text: x = 100 \nE           Чему равно log10(abs(12*sin(x)))?\nE           Решите задачу за 3 сек, чтобы получить скидку.\nE           При успешном решении вы найдете проверочный код в консоли браузера.\nE           Message: unexpected alert open: {Alert text : x = 100 \nE           Чему равно log10(abs(12*sin(x)))?\nE           Решите задачу за 3 сек, чтобы получить скидку.\nE           При успешном решении вы найдете проверочный код в консоли браузера.}\nE             (Session info: chrome=89.0.4389.90)\n\nenvironments\\selenium_env\\lib\\site-packages\\selenium\\webdriver\\remote\\errorhandler.py:241: UnexpectedAlertPresentException"}, "attachments": [{"name": "stdout", "source": "031cc64d-84a2-4ba6-9d03-565b4a7f80b8-attachment.txt", "type": "text/plain"}], "start": 1615657795399, "stop": 1615657797897, "uuid": "b624a2ed-f1de-467c-a3d7-cf11950676a7", "historyId": "73a493c161f5189f89249bf7a7c46bd7", "testCaseId": "2ea4af866a6f0b6145e4e6caa3eec1ae", "fullName": "module_5.test_product_page.TestProductPage#test_guest_cant_see_success_message_after_adding_product_to_basket", "labels": [{"name": "tag", "value": "@pytest.mark.xfail(reason='negative test')"}, {"name": "parentSuite", "value": "module_5"}, {"name": "suite", "value": "test_product_page"}, {"name": "subSuite", "value": "TestProductPage"}, {"name": "host", "value": "DESKTOP-0CMPFR3"}, {"name": "thread", "value": "22004-MainThread"}, {"name": "framework", "value": "pytest"}, {"name": "language", "value": "cpython3"}, {"name": "package", "value": "module_5.test_product_page"}]}